<?xml version="1.0" encoding="UTF-8"?>
<testsuite name="agh.ics.oop.AnimalAndParserTest" tests="1" skipped="0" failures="0" errors="0" timestamp="2022-12-06T15:10:28" hostname="DESKTOP-QFBP85B" time="0.022">
  <properties/>
  <testcase name="ParserTest()" classname="agh.ics.oop.AnimalAndParserTest" time="0.022"/>
  <system-out><![CDATA[]]></system-out>
  <system-err><![CDATA[]]></system-err>
</testsuite>
