<?xml version="1.0" encoding="UTF-8"?>
<testsuite name="agh.ics.oop.SimulationEngineTest" tests="1" skipped="0" failures="0" errors="0" timestamp="2022-11-14T19:33:35" hostname="DESKTOP-QFBP85B" time="0.07">
  <properties/>
  <testcase name="runTest()" classname="agh.ics.oop.SimulationEngineTest" time="0.07"/>
  <system-out><![CDATA[ y\x  0 1 2 3 4 5 6 7 8 9
 10: ---------------------
  9: | | | | | | | | | | |
  8: | | | | | | | | | | |
  7: | | | | | | | | | | |
  6: | | | | | | | | | | |
  5: | | | | | | | | | | |
  4: | | | | | | | | | | |
  3: | | |N| | | | | | | |
  2: | |N| | | | | | | | |
  1: | | | |N| | | | | | |
  0: | | | | | | | | | | |
 -1: ---------------------

 y\x  0 1 2 3 4 5 6 7 8 9
 10: ---------------------
  9: | | | | | | | | | | |
  8: | | | | | | | | | | |
  7: | | | | | | | | | | |
  6: | | | | | | | | | | |
  5: | | | | | | | | | | |
  4: | | | | | | | | | | |
  3: | |N|N| | | | | | | |
  2: | | | | | | | | | | |
  1: | | | |N| | | | | | |
  0: | | | | | | | | | | |
 -1: ---------------------

 y\x  0 1 2 3 4 5 6 7 8 9
 10: ---------------------
  9: | | | | | | | | | | |
  8: | | | | | | | | | | |
  7: | | | | | | | | | | |
  6: | | | | | | | | | | |
  5: | | | | | | | | | | |
  4: | | | | | | | | | | |
  3: | |N|W| | | | | | | |
  2: | | | | | | | | | | |
  1: | | | |N| | | | | | |
  0: | | | | | | | | | | |
 -1: ---------------------

 y\x  0 1 2 3 4 5 6 7 8 9
 10: ---------------------
  9: | | | | | | | | | | |
  8: | | | | | | | | | | |
  7: | | | | | | | | | | |
  6: | | | | | | | | | | |
  5: | | | | | | | | | | |
  4: | | | | | | | | | | |
  3: | |N|W| | | | | | | |
  2: | | | |N| | | | | | |
  1: | | | | | | | | | | |
  0: | | | | | | | | | | |
 -1: ---------------------

 y\x  0 1 2 3 4 5 6 7 8 9
 10: ---------------------
  9: | | | | | | | | | | |
  8: | | | | | | | | | | |
  7: | | | | | | | | | | |
  6: | | | | | | | | | | |
  5: | | | | | | | | | | |
  4: | | | | | | | | | | |
  3: | |E|W| | | | | | | |
  2: | | | |N| | | | | | |
  1: | | | | | | | | | | |
  0: | | | | | | | | | | |
 -1: ---------------------

 y\x  0 1 2 3 4 5 6 7 8 9
 10: ---------------------
  9: | | | | | | | | | | |
  8: | | | | | | | | | | |
  7: | | | | | | | | | | |
  6: | | | | | | | | | | |
  5: | | | | | | | | | | |
  4: | | | | | | | | | | |
  3: | |E|W| | | | | | | |
  2: | | | |N| | | | | | |
  1: | | | | | | | | | | |
  0: | | | | | | | | | | |
 -1: ---------------------

 y\x  0 1 2 3 4 5 6 7 8 9
 10: ---------------------
  9: | | | | | | | | | | |
  8: | | | | | | | | | | |
  7: | | | | | | | | | | |
  6: | | | | | | | | | | |
  5: | | | | | | | | | | |
  4: | | | | | | | | | | |
  3: | |E|W| | | | | | | |
  2: | | | |W| | | | | | |
  1: | | | | | | | | | | |
  0: | | | | | | | | | | |
 -1: ---------------------

 y\x  0 1 2 3 4 5 6 7 8 9
 10: ---------------------
  9: | | | | | | | | | | |
  8: | | | | | | | | | | |
  7: | | | | | | | | | | |
  6: | | | | | | | | | | |
  5: | | | | | | | | | | |
  4: | | | | | | | | | | |
  3: | |S|W| | | | | | | |
  2: | | | |W| | | | | | |
  1: | | | | | | | | | | |
  0: | | | | | | | | | | |
 -1: ---------------------

 y\x  0 1 2 3 4 5 6 7 8 9
 10: ---------------------
  9: | | | | | | | | | | |
  8: | | | | | | | | | | |
  7: | | | | | | | | | | |
  6: | | | | | | | | | | |
  5: | | | | | | | | | | |
  4: | | | | | | | | | | |
  3: | |S|W| | | | | | | |
  2: | | | |W| | | | | | |
  1: | | | | | | | | | | |
  0: | | | | | | | | | | |
 -1: ---------------------

 y\x  0 1 2 3 4 5 6 7 8 9
 10: ---------------------
  9: | | | | | | | | | | |
  8: | | | | | | | | | | |
  7: | | | | | | | | | | |
  6: | | | | | | | | | | |
  5: | | | | | | | | | | |
  4: | | | | | | | | | | |
  3: | |S|W| | | | | | | |
  2: | | | |N| | | | | | |
  1: | | | | | | | | | | |
  0: | | | | | | | | | | |
 -1: ---------------------

 y\x  0 1 2 3 4 5 6 7 8 9
 10: ---------------------
  9: | | | | | | | | | | |
  8: | | | | | | | | | | |
  7: | | | | | | | | | | |
  6: | | | | | | | | | | |
  5: | | | | | | | | | | |
  4: | | | | | | | | | | |
  3: | |E|W| | | | | | | |
  2: | | | |N| | | | | | |
  1: | | | | | | | | | | |
  0: | | | | | | | | | | |
 -1: ---------------------

 y\x  0 1 2 3 4 5 6 7 8 9
 10: ---------------------
  9: | | | | | | | | | | |
  8: | | | | | | | | | | |
  7: | | | | | | | | | | |
  6: | | | | | | | | | | |
  5: | | | | | | | | | | |
  4: | | | | | | | | | | |
  3: | |E| |W| | | | | | |
  2: | | | |N| | | | | | |
  1: | | | | | | | | | | |
  0: | | | | | | | | | | |
 -1: ---------------------

 y\x  0 1 2 3 4 5 6 7 8 9
 10: ---------------------
  9: | | | | | | | | | | |
  8: | | | | | | | | | | |
  7: | | | | | | | | | | |
  6: | | | | | | | | | | |
  5: | | | | | | | | | | |
  4: | | | | | | | | | | |
  3: | |E| |W| | | | | | |
  2: | | | |E| | | | | | |
  1: | | | | | | | | | | |
  0: | | | | | | | | | | |
 -1: ---------------------

 y\x  0 1 2 3 4 5 6 7 8 9
 10: ---------------------
  9: | | | | | | | | | | |
  8: | | | | | | | | | | |
  7: | | | | | | | | | | |
  6: | | | | | | | | | | |
  5: | | | | | | | | | | |
  4: | | | | | | | | | | |
  3: |E| | |W| | | | | | |
  2: | | | |E| | | | | | |
  1: | | | | | | | | | | |
  0: | | | | | | | | | | |
 -1: ---------------------

]]></system-out>
  <system-err><![CDATA[]]></system-err>
</testsuite>
