<?xml version="1.0" encoding="UTF-8"?>
<testsuite name="agh.ics.oop.GrassFieldTest" tests="1" skipped="0" failures="0" errors="0" timestamp="2022-11-29T12:43:47" hostname="DESKTOP-QFBP85B" time="0.064">
  <properties/>
  <testcase name="positionChangedTest()" classname="agh.ics.oop.GrassFieldTest" time="0.064"/>
  <system-out><![CDATA[ y\x  1 2 3 4 5 6 7 8 9
 11: -------------------
 10: | | | |*| | | | | |
  9: | | | | | | | | | |
  8: | | | | | | | | | |
  7: | | | | | | |*| | |
  6: | | | | | | | | | |
  5: | | |*| | | | | | |
  4: | | | | | | | | | |
  3: | |N| | | | | |*| |
  2: |N| | | | | | |*| |
  1: | |*| | | | | | |*|
  0: | | | | |*| | |*| |
 -1: -------------------

 y\x  1 2 3 4 5 6 7 8 9
 11: -------------------
 10: | | | |*| | | | | |
  9: | | | | | | | | | |
  8: | | | | | | | | | |
  7: | | | | | | |*| | |
  6: | | | | | | | | | |
  5: | | |*| | | | | | |
  4: | | | | | | | | | |
  3: |N|N|*| | | | |*| |
  2: | | | | | | | |*| |
  1: | |*| | | | | | |*|
  0: | | | | |*| | |*| |
 -1: -------------------

 y\x  1 2 3 4 5 6 7 8 9
 11: -------------------
 10: | | | |*| | | | | |
  9: | | | | | | | | | |
  8: | | | | | | | | | |
  7: | | | | | | |*| | |
  6: | | | | | | | | | |
  5: | | |*| | | | | | |
  4: | | | | | | | | | |
  3: |N|E|*| | | | |*| |
  2: | | | | | | | |*| |
  1: | |*| | | | | | |*|
  0: | | | | |*| | |*| |
 -1: -------------------

 y\x  1 2 3 4 5 6 7 8 9
 11: -------------------
 10: | | | |*| | | | | |
  9: | | | | | | | | | |
  8: | | | | | | | | | |
  7: | | | | | | |*| | |
  6: | | | | | | | | | |
  5: | | |*| | | | | | |
  4: |N| | | | | | | | |
  3: | |E|*| | | | |*| |
  2: | | | | | | | |*| |
  1: | |*| | | | | | |*|
  0: | | | | |*| | |*| |
 -1: -------------------

 y\x  1 2 3 4 5 6 7 8 9
 11: -------------------
 10: | | | |*| | | | | |
  9: | | | | | | | | | |
  8: | | | | | | | | | |
  7: | | | | | | |*| | |
  6: | | | | | | | | | |
  5: | | |*| | | | | | |
  4: |N| | | | | | | | |
  3: |*| |E| | | | |*| |
  2: | | | | | | | |*| |
  1: | |*| | | | | | |*|
  0: | | | | |*| | |*| |
 -1: -------------------

 y\x  1 2 3 4 5 6 7 8 9
 11: -------------------
 10: | | | |*| | | | | |
  9: | | | | | | | | | |
  8: | | | | | | | | | |
  7: | | | | | | |*| | |
  6: | | | | | | | | | |
  5: | | |*| | | | | | |
  4: |W| | | | | | | | |
  3: |*| |E| | | | |*| |
  2: | | | | | | | |*| |
  1: | |*| | | | | | |*|
  0: | | | | |*| | |*| |
 -1: -------------------

]]></system-out>
  <system-err><![CDATA[]]></system-err>
</testsuite>
