<?xml version="1.0" encoding="UTF-8"?>
<testsuite name="agh.ics.oop.GrassFieldTest" tests="5" skipped="0" failures="0" errors="0" timestamp="2022-11-22T17:01:01" hostname="DESKTOP-QFBP85B" time="0.185">
  <properties/>
  <testcase name="objectAtTest()" classname="agh.ics.oop.GrassFieldTest" time="0.088"/>
  <testcase name="isOccupiedTest()" classname="agh.ics.oop.GrassFieldTest" time="0.025"/>
  <testcase name="placeGrass()" classname="agh.ics.oop.GrassFieldTest" time="0.045"/>
  <testcase name="canMoveToTest()" classname="agh.ics.oop.GrassFieldTest" time="0.008"/>
  <testcase name="placeTest()" classname="agh.ics.oop.GrassFieldTest" time="0.015"/>
  <system-out><![CDATA[ y\x  0 1 2 3 4 5 6 7 8 910
 11: -----------------------
 10: | | | | | | |*| |*| | |
  9: | | | | | | |*| | | | |
  8: | | | | | | | | | | | |
  7: | | | |*| | | | | |*| |
  6: | | | | | | | | | | |*|
  5: | | |*| | | |*| | | | |
  4: | | | | | | |*| | | | |
  3: | | |N| | | | | | | | |
  2: | |N| | | | | | | | | |
  1: | | | |*| | | | | | | |
  0: | | | | | | | | | | | |
 -1: -----------------------

 y\x  0 1 2 3 4 5 6 7 8 910
 11: -----------------------
 10: | | | | | | |*| |*| | |
  9: | | | | | | |*| | | | |
  8: | | | | | | | | | | | |
  7: | | | |*| | | | | |*| |
  6: | | | | | | | | | | |*|
  5: | | |*| | | |*| | | | |
  4: | | | | | | |*| | | | |
  3: | |N|N| | | | | | | | |
  2: | | | | | | | | | | | |
  1: | | | |*| | | | | | | |
  0: | | | | | | | | | | | |
 -1: -----------------------

 y\x  0 1 2 3 4 5 6 7 8 910
 11: -----------------------
 10: | | | | | | |*| |*| | |
  9: | | | | | | |*| | | | |
  8: | | | | | | | | | | | |
  7: | | | |*| | | | | |*| |
  6: | | | | | | | | | | |*|
  5: | | |*| | | |*| | | | |
  4: | | | | | | |*| | | | |
  3: | |N|E| | | | | | | | |
  2: | | | | | | | | | | | |
  1: | | | |*| | | | | | | |
  0: | | | | | | | | | | | |
 -1: -----------------------

 y\x  0 1 2 3 4 5 6 7 8 910
 11: -----------------------
 10: | | | | | | |*| |*| | |
  9: | | | | | | |*| | | | |
  8: | | | | | | | | | | | |
  7: | | | |*| | | | | |*| |
  6: | | | | | | | | | | |*|
  5: | | |*| | | |*| | | | |
  4: | |N| | | | |*| | | | |
  3: | | |E| | | | | | | | |
  2: | | | | | | | | | | | |
  1: | | | |*| | | | | | | |
  0: | | | | | | | | | | | |
 -1: -----------------------

 y\x  0 1 2 3 4 5 6 7 8 910
 11: -----------------------
 10: | | | | | | |*| |*| | |
  9: | | | | | | |*| | | | |
  8: | | | | | | | | | | | |
  7: | | | |*| | | | | |*| |
  6: | | | | | | | | | | |*|
  5: | | |*| | | |*| | | | |
  4: | |N| | | | |*| | | | |
  3: | | | |E| | | | | | | |
  2: | | | | | | | | | | | |
  1: | | | |*| | | | | | | |
  0: | | | | | | | | | | | |
 -1: -----------------------

 y\x  0 1 2 3 4 5 6 7 8 910
 11: -----------------------
 10: | | | | | | |*| |*| | |
  9: | | | | | | |*| | | | |
  8: | | | | | | | | | | | |
  7: | | | |*| | | | | |*| |
  6: | | | | | | | | | | |*|
  5: | | |*| | | |*| | | | |
  4: | |W| | | | |*| | | | |
  3: | | | |E| | | | | | | |
  2: | | | | | | | | | | | |
  1: | | | |*| | | | | | | |
  0: | | | | | | | | | | | |
 -1: -----------------------

 y\x  0 1 2 3 4 5 6 7 8 910
 11: -----------------------
 10: | | | | | | | | | | | |
  9: | |*| | | |*| | | | | |
  8: | | | |*| |*| | | | | |
  7: | | |*| | | | | |*| |*|
  6: | | | | | | | | | | | |
  5: | | | | | | | | | | | |
  4: | | | | |*| | |*| | | |
  3: | | |N| | | | | | | | |
  2: | |N| | | | | | | | | |
  1: | | | | | | | | | | | |
  0: |*| | | | | | | | | | |
 -1: -----------------------

 y\x  0 1 2 3 4 5 6 7 8 910
 11: -----------------------
 10: | | | | | | | | | | | |
  9: | |*| | | |*| | | | | |
  8: | | | |*| |*| | | | | |
  7: | | |*| | | | | |*| |*|
  6: | | | | | | | | | | | |
  5: | | | | | | | | | | | |
  4: | | | | |*| | |*| | | |
  3: | |N|N| | | | | | | | |
  2: | | | | | | | | | | | |
  1: | | | | | | | | | | | |
  0: |*| | | | | | | | | | |
 -1: -----------------------

 y\x  0 1 2 3 4 5 6 7 8 910
 11: -----------------------
 10: | | | | | | | | | | | |
  9: | |*| | | |*| | | | | |
  8: | | | |*| |*| | | | | |
  7: | | |*| | | | | |*| |*|
  6: | | | | | | | | | | | |
  5: | | | | | | | | | | | |
  4: | | | | |*| | |*| | | |
  3: | |N|E| | | | | | | | |
  2: | | | | | | | | | | | |
  1: | | | | | | | | | | | |
  0: |*| | | | | | | | | | |
 -1: -----------------------

 y\x  0 1 2 3 4 5 6 7 8 910
 11: -----------------------
 10: | | | | | | | | | | | |
  9: | |*| | | |*| | | | | |
  8: | | | |*| |*| | | | | |
  7: | | |*| | | | | |*| |*|
  6: | | | | | | | | | | | |
  5: | | | | | | | | | | | |
  4: | |N| | |*| | |*| | | |
  3: | | |E| | | | | | | | |
  2: | | | | | | | | | | | |
  1: | | | | | | | | | | | |
  0: |*| | | | | | | | | | |
 -1: -----------------------

 y\x  0 1 2 3 4 5 6 7 8 910
 11: -----------------------
 10: | | | | | | | | | | | |
  9: | |*| | | |*| | | | | |
  8: | | | |*| |*| | | | | |
  7: | | |*| | | | | |*| |*|
  6: | | | | | | | | | | | |
  5: | | | | | | | | | | | |
  4: | |N| | |*| | |*| | | |
  3: | | | |E| | | | | | | |
  2: | | | | | | | | | | | |
  1: | | | | | | | | | | | |
  0: |*| | | | | | | | | | |
 -1: -----------------------

 y\x  0 1 2 3 4 5 6 7 8 910
 11: -----------------------
 10: | | | | | | | | | | | |
  9: | |*| | | |*| | | | | |
  8: | | | |*| |*| | | | | |
  7: | | |*| | | | | |*| |*|
  6: | | | | | | | | | | | |
  5: | | | | | | | | | | | |
  4: | |W| | |*| | |*| | | |
  3: | | | |E| | | | | | | |
  2: | | | | | | | | | | | |
  1: | | | | | | | | | | | |
  0: |*| | | | | | | | | | |
 -1: -----------------------

 y\x  0 1 2 3 4 5 6 7 8 910
 11: -----------------------
 10: | | | | | | | | | | | |
  9: | | | | | | | | | | | |
  8: | | | | | | | | | | | |
  7: | | | | | | |*| | |*| |
  6: |*| | | | | | | | | | |
  5: | | | | |*| | | | | | |
  4: | | | | | | | | | | | |
  3: | |*|N| | | | | | | | |
  2: | |N| | |*| |*| | |*|*|
  1: | | | | | |*| | | | | |
  0: | | | | | | | | | | | |
 -1: -----------------------

 y\x  0 1 2 3 4 5 6 7 8 910
 11: -----------------------
 10: | | | | | | | | | | | |
  9: | | | | | | | | | | | |
  8: | | | | | | | | | | | |
  7: | | | | | | |*| | |*| |
  6: |*| | | | | | | | | | |
  5: | | | | |*| | | | | | |
  4: | | | | | | | | | | | |
  3: | |N|N| | | | | | | | |
  2: | |*| | |*| |*| | |*|*|
  1: | | | | | |*| | | | | |
  0: | | | | | | | | | | | |
 -1: -----------------------

 y\x  0 1 2 3 4 5 6 7 8 910
 11: -----------------------
 10: | | | | | | | | | | | |
  9: | | | | | | | | | | | |
  8: | | | | | | | | | | | |
  7: | | | | | | |*| | |*| |
  6: |*| | | | | | | | | | |
  5: | | | | |*| | | | | | |
  4: | | | | | | | | | | | |
  3: | |N|W| | | | | | | | |
  2: | |*| | |*| |*| | |*|*|
  1: | | | | | |*| | | | | |
  0: | | | | | | | | | | | |
 -1: -----------------------

 y\x  0 1 2 3 4 5 6 7 8 910
 11: -----------------------
 10: | | | | | | | | | | | |
  9: | | | | | | | | | | | |
  8: | | | | | | | | | | | |
  7: | | | | | | |*| | |*| |
  6: |*| | | | | | | | | | |
  5: | | | | |*| | | | | | |
  4: | | | | | | | | | | | |
  3: | |E|W| | | | | | | | |
  2: | |*| | |*| |*| | |*|*|
  1: | | | | | |*| | | | | |
  0: | | | | | | | | | | | |
 -1: -----------------------

 y\x  0 1 2 3 4 5 6 7 8 910
 11: -----------------------
 10: | | | | | | | | | | | |
  9: | | | | | | | | | | | |
  8: | | | | | | | | | | | |
  7: | | | | | | |*| | |*| |
  6: |*| | | | | | | | | | |
  5: | | | | |*| | | | | | |
  4: | | | | | | | | | | | |
  3: | |E|W| | | | | | | | |
  2: | |*| | |*| |*| | |*|*|
  1: | | | | | |*| | | | | |
  0: | | | | | | | | | | | |
 -1: -----------------------

 y\x  0 1 2 3 4 5 6 7 8 910
 11: -----------------------
 10: | | | | | | | | | | | |
  9: | | | | | | | | | | | |
  8: | | | | | | | | | | | |
  7: | | | | | | |*| | |*| |
  6: |*| | | | | | | | | | |
  5: | | | | |*| | | | | | |
  4: | | | | | | | | | | | |
  3: | |E|W| | | | | | | | |
  2: | |*| | |*| |*| | |*|*|
  1: | | | | | |*| | | | | |
  0: | | | | | | | | | | | |
 -1: -----------------------

 y\x  0 1 2 3 4 5 6 7 8 910
 11: -----------------------
 10: | | | | | | | | | | | |
  9: | | | | | | | | | | | |
  8: | | | | | | | | | | | |
  7: | | | | | | |*| | |*| |
  6: |*| | | | | | | | | | |
  5: | | | | |*| | | | | | |
  4: | | | | | | | | | | | |
  3: | |E|N| | | | | | | | |
  2: | |*| | |*| |*| | |*|*|
  1: | | | | | |*| | | | | |
  0: | | | | | | | | | | | |
 -1: -----------------------

 y\x  0 1 2 3 4 5 6 7 8 910
 11: -----------------------
 10: | | | | | | | | | | | |
  9: | | | | | | | | | | | |
  8: | | | | | | | | | | | |
  7: | | | | | | |*| | |*| |
  6: |*| | | | | | | | | | |
  5: | | | | |*| | | | | | |
  4: | | | | | | | | | | | |
  3: | |S|N| | | | | | | | |
  2: | |*| | |*| |*| | |*|*|
  1: | | | | | |*| | | | | |
  0: | | | | | | | | | | | |
 -1: -----------------------

 y\x  0 1 2 3 4 5 6 7 8 910
 11: -----------------------
 10: | | | | | | | | | | | |
  9: | | | | | | | | | | | |
  8: | | | | | | | | | | | |
  7: | | | | | | |*| | |*| |
  6: |*| | | | | | | | | | |
  5: | | | | |*| | | | | | |
  4: | | |N| | | | | | | | |
  3: | |S| | | | | | | | | |
  2: | |*| | |*| |*| | |*|*|
  1: | | | | | |*| | | | | |
  0: | | | | | | | | | | | |
 -1: -----------------------

 y\x  0 1 2 3 4 5 6 7 8 910
 11: -----------------------
 10: | | | | | | | | | | | |
  9: | | | | | | | | | | | |
  8: | | | | | | | | | | | |
  7: | | | | | | |*| | |*| |
  6: |*| | | | | | | | | | |
  5: | | | | |*| | | | | | |
  4: | | |N| | | | | | | | |
  3: | |E| | | | | | | | | |
  2: | |*| | |*| |*| | |*|*|
  1: | | | | | |*| | | | | |
  0: | | | | | | | | | | | |
 -1: -----------------------

 y\x  0 1 2 3 4 5 6 7 8 910
 11: -----------------------
 10: | | | | | | | | | | | |
  9: | | | | | | | | | | | |
  8: | | | | | | | | | | | |
  7: | | | | | | |*| | |*| |
  6: |*| | | | | | | | | | |
  5: | | |N| |*| | | | | | |
  4: | | | | | | | | | | | |
  3: | |E| | | | | | | | | |
  2: | |*| | |*| |*| | |*|*|
  1: | | | | | |*| | | | | |
  0: | | | | | | | | | | | |
 -1: -----------------------

 y\x  0 1 2 3 4 5 6 7 8 910
 11: -----------------------
 10: | | | | | | | | | | | |
  9: | | | | | | | | | | | |
  8: | | | | | | | | | | | |
  7: | | | | | | |*| | |*| |
  6: |*| | | | | | | | | | |
  5: | | |N| |*| | | | | | |
  4: | | | | | | | | | | | |
  3: | | |E| | | | | | | | |
  2: | |*| | |*| |*| | |*|*|
  1: | | | | | |*| | | | | |
  0: | | | | | | | | | | | |
 -1: -----------------------

 y\x  0 1 2 3 4 5 6 7 8 910
 11: -----------------------
 10: | | | | | | | | | | | |
  9: | | | | | | | | | | | |
  8: | | | | | | | | | | | |
  7: | | | | | | |*| | |*| |
  6: |*| |N| | | | | | | | |
  5: | | | | |*| | | | | | |
  4: | | | | | | | | | | | |
  3: | | |E| | | | | | | | |
  2: | |*| | |*| |*| | |*|*|
  1: | | | | | |*| | | | | |
  0: | | | | | | | | | | | |
 -1: -----------------------

 y\x  0 1 2 3 4 5 6 7 8 910
 11: -----------------------
 10: | | | | | | | | | | | |
  9: | | | | | | | | | | | |
  8: | | | | | | | | | | | |
  7: | | | | | | |*| | |*| |
  6: |*| |N| | | | | | | | |
  5: | | | | |*| | | | | | |
  4: | | | | | | | | | | | |
  3: | | | |E| | | | | | | |
  2: | |*| | |*| |*| | |*|*|
  1: | | | | | |*| | | | | |
  0: | | | | | | | | | | | |
 -1: -----------------------

 y\x  0 1 2 3 4 5 6 7 8 910
 11: -----------------------
 10: | | | | | | | | | | | |
  9: | | | | | | | | | | | |
  8: | | | | | | | | | | | |
  7: | | |N| | | |*| | |*| |
  6: |*| | | | | | | | | | |
  5: | | | | |*| | | | | | |
  4: | | | | | | | | | | | |
  3: | | | |E| | | | | | | |
  2: | |*| | |*| |*| | |*|*|
  1: | | | | | |*| | | | | |
  0: | | | | | | | | | | | |
 -1: -----------------------

 y\x  0 1 2 3 4 5 6 7 8 910
 11: -----------------------
 10: | | | | | | | | | | | |
  9: | | | | | | | | | | | |
  8: | | | | | | | | | | | |
  7: | | |N| | | |*| | |*| |
  6: |*| | | | | | | | | | |
  5: | | | | |*| | | | | | |
  4: | | | | | | | | | | | |
  3: | | | | |E| | | | | | |
  2: | |*| | |*| |*| | |*|*|
  1: | | | | | |*| | | | | |
  0: | | | | | | | | | | | |
 -1: -----------------------

 y\x  0 1 2 3 4 5 6 7 8 910
 11: -----------------------
 10: | | | | | | | | | | | |
  9: | | | | | | | | | | | |
  8: | | |N| | | | | | | | |
  7: | | | | | | |*| | |*| |
  6: |*| | | | | | | | | | |
  5: | | | | |*| | | | | | |
  4: | | | | | | | | | | | |
  3: | | | | |E| | | | | | |
  2: | |*| | |*| |*| | |*|*|
  1: | | | | | |*| | | | | |
  0: | | | | | | | | | | | |
 -1: -----------------------

 y\x  0 1 2 3 4 5 6 7 8 910
 11: -----------------------
 10: | | | | | | | | | | | |
  9: | | | | | | | | | | | |
  8: | | |N| | | | | | | | |
  7: | | | | | | |*| | |*| |
  6: |*| | | | | | | | | | |
  5: | | | | |*| | | | | | |
  4: | | | | | | | | | | | |
  3: | | | | | |E| | | | | |
  2: | |*| | |*| |*| | |*|*|
  1: | | | | | |*| | | | | |
  0: | | | | | | | | | | | |
 -1: -----------------------

 y\x  0 1 2 3 4 5 6 7 8 910
 11: -----------------------
 10: | | | | | | | | | | | |
  9: | | |N| | | | | | | | |
  8: | | | | | | | | | | | |
  7: | | | | | | |*| | |*| |
  6: |*| | | | | | | | | | |
  5: | | | | |*| | | | | | |
  4: | | | | | | | | | | | |
  3: | | | | | |E| | | | | |
  2: | |*| | |*| |*| | |*|*|
  1: | | | | | |*| | | | | |
  0: | | | | | | | | | | | |
 -1: -----------------------

 y\x  0 1 2 3 4 5 6 7 8 910
 11: -----------------------
 10: | | | | | | | | | | | |
  9: | | |N| | | | | | | | |
  8: | | | | | | | | | | | |
  7: | | | | | | |*| | |*| |
  6: |*| | | | | | | | | | |
  5: | | | | |*| | | | | | |
  4: | | | | | | | | | | | |
  3: | | | | | | |E| | | | |
  2: | |*| | |*| |*| | |*|*|
  1: | | | | | |*| | | | | |
  0: | | | | | | | | | | | |
 -1: -----------------------

 y\x  0 1 2 3 4 5 6 7 8 910
 11: -----------------------
 10: | | |N| | | | | | | | |
  9: | | | | | | | | | | | |
  8: | | | | | | | | | | | |
  7: | | | | | | |*| | |*| |
  6: |*| | | | | | | | | | |
  5: | | | | |*| | | | | | |
  4: | | | | | | | | | | | |
  3: | | | | | | |E| | | | |
  2: | |*| | |*| |*| | |*|*|
  1: | | | | | |*| | | | | |
  0: | | | | | | | | | | | |
 -1: -----------------------

 y\x  0 1 2 3 4 5 6 7 8 910
 11: -----------------------
 10: | | | | | | | | | | |*|
  9: | | | | | | | | | | | |
  8: | | |*| | | | | | | | |
  7: | | | | |*| | |*| | | |
  6: |*| | | |*| | | | | | |
  5: | |*| | | | | | | | | |
  4: | | | | | | | |*| | | |
  3: | | |N| | | | | | | | |
  2: | |N| | | | | | | |*| |
  1: | | | | | | | | | | | |
  0: | | | | | | | | | | |*|
 -1: -----------------------

 y\x  0 1 2 3 4 5 6 7 8 910
 11: -----------------------
 10: | | | | | | | | | | |*|
  9: | | | | | | | | | | | |
  8: | | |*| | | | | | | | |
  7: | | | | |*| | |*| | | |
  6: |*| | | |*| | | | | | |
  5: | |*| | | | | | | | | |
  4: | | | | | | | |*| | | |
  3: | |N|N| | | | | | | | |
  2: | | | | | | | | | |*| |
  1: | | | | | | | | | | | |
  0: | | | | | | | | | | |*|
 -1: -----------------------

 y\x  0 1 2 3 4 5 6 7 8 910
 11: -----------------------
 10: | | | | | | | | | | |*|
  9: | | | | | | | | | | | |
  8: | | |*| | | | | | | | |
  7: | | | | |*| | |*| | | |
  6: |*| | | |*| | | | | | |
  5: | |*| | | | | | | | | |
  4: | | | | | | | |*| | | |
  3: | |N|E| | | | | | | | |
  2: | | | | | | | | | |*| |
  1: | | | | | | | | | | | |
  0: | | | | | | | | | | |*|
 -1: -----------------------

 y\x  0 1 2 3 4 5 6 7 8 910
 11: -----------------------
 10: | | | | | | | | | | |*|
  9: | | | | | | | | | | | |
  8: | | |*| | | | | | | | |
  7: | | | | |*| | |*| | | |
  6: |*| | | |*| | | | | | |
  5: | |*| | | | | | | | | |
  4: | |N| | | | | |*| | | |
  3: | | |E| | | | | | | | |
  2: | | | | | | | | | |*| |
  1: | | | | | | | | | | | |
  0: | | | | | | | | | | |*|
 -1: -----------------------

 y\x  0 1 2 3 4 5 6 7 8 910
 11: -----------------------
 10: | | | | | | | | | | |*|
  9: | | | | | | | | | | | |
  8: | | |*| | | | | | | | |
  7: | | | | |*| | |*| | | |
  6: |*| | | |*| | | | | | |
  5: | |*| | | | | | | | | |
  4: | |N| | | | | |*| | | |
  3: | | | |E| | | | | | | |
  2: | | | | | | | | | |*| |
  1: | | | | | | | | | | | |
  0: | | | | | | | | | | |*|
 -1: -----------------------

 y\x  0 1 2 3 4 5 6 7 8 910
 11: -----------------------
 10: | | | | | | | | | | |*|
  9: | | | | | | | | | | | |
  8: | | |*| | | | | | | | |
  7: | | | | |*| | |*| | | |
  6: |*| | | |*| | | | | | |
  5: | |*| | | | | | | | | |
  4: | |W| | | | | |*| | | |
  3: | | | |E| | | | | | | |
  2: | | | | | | | | | |*| |
  1: | | | | | | | | | | | |
  0: | | | | | | | | | | |*|
 -1: -----------------------

 y\x  0 1 2 3 4 5 6 7 8 910
 11: -----------------------
 10: |*| | | | |*| | | | | |
  9: | | | | | |*| | | | | |
  8: | | | | | | | | | | | |
  7: | | | | | | | | | | | |
  6: | | | | | | | | |*| | |
  5: | | | | | | | | | | | |
  4: |*| |*| | | | | | | | |
  3: | | |N| | | | | | | | |
  2: |*|N| | | | | | | | | |
  1: | | |*| | | | | | | | |
  0: | |*| | |*| | | | | | |
 -1: -----------------------

 y\x  0 1 2 3 4 5 6 7 8 910
 11: -----------------------
 10: |*| | | | |*| | | | | |
  9: | | | | | |*| | | | | |
  8: | | | | | | | | | | | |
  7: | | | | | | | | | | | |
  6: | | | | | | | | |*| | |
  5: | | | | | | | | | | | |
  4: |*| |*| | | | | | | | |
  3: | |N|N| | | | | | | | |
  2: |*| | | | | | | | | | |
  1: | | |*| | | | | | | | |
  0: | |*| | |*| | | | | | |
 -1: -----------------------

 y\x  0 1 2 3 4 5 6 7 8 910
 11: -----------------------
 10: |*| | | | |*| | | | | |
  9: | | | | | |*| | | | | |
  8: | | | | | | | | | | | |
  7: | | | | | | | | | | | |
  6: | | | | | | | | |*| | |
  5: | | | | | | | | | | | |
  4: |*| |*| | | | | | | | |
  3: | |N|E| | | | | | | | |
  2: |*| | | | | | | | | | |
  1: | | |*| | | | | | | | |
  0: | |*| | |*| | | | | | |
 -1: -----------------------

 y\x  0 1 2 3 4 5 6 7 8 910
 11: -----------------------
 10: |*| | | | |*| | | | | |
  9: | | | | | |*| | | | | |
  8: | | | | | | | | | | | |
  7: | | | | | | | | | | | |
  6: | | | | | | | | |*| | |
  5: | | | | | | | | | | | |
  4: |*|N|*| | | | | | | | |
  3: | | |E| | | | | | | | |
  2: |*| | | | | | | | | | |
  1: | | |*| | | | | | | | |
  0: | |*| | |*| | | | | | |
 -1: -----------------------

 y\x  0 1 2 3 4 5 6 7 8 910
 11: -----------------------
 10: |*| | | | |*| | | | | |
  9: | | | | | |*| | | | | |
  8: | | | | | | | | | | | |
  7: | | | | | | | | | | | |
  6: | | | | | | | | |*| | |
  5: | | | | | | | | | | | |
  4: |*|N|*| | | | | | | | |
  3: | | | |E| | | | | | | |
  2: |*| | | | | | | | | | |
  1: | | |*| | | | | | | | |
  0: | |*| | |*| | | | | | |
 -1: -----------------------

 y\x  0 1 2 3 4 5 6 7 8 910
 11: -----------------------
 10: |*| | | | |*| | | | | |
  9: | | | | | |*| | | | | |
  8: | | | | | | | | | | | |
  7: | | | | | | | | | | | |
  6: | | | | | | | | |*| | |
  5: | | | | | | | | | | | |
  4: |*|W|*| | | | | | | | |
  3: | | | |E| | | | | | | |
  2: |*| | | | | | | | | | |
  1: | | |*| | | | | | | | |
  0: | |*| | |*| | | | | | |
 -1: -----------------------

 y\x  0 1 2 3 4 5 6 7 8 910
 11: -----------------------
 10: |*| | | | |*| | | | | |
  9: | | | | | |*| | | | | |
  8: | | | | | | | | | | | |
  7: | | | | | | | | | | | |
  6: | | | | | | | | |*| | |
  5: | | | | | | | | | | | |
  4: |*|W|*| | | | | | | | |
  3: | | |E| | | | | | | | |
  2: |*| | | | | | | | | | |
  1: | | |*| | | | | | | | |
  0: | |*| | |*| | | | | | |
 -1: -----------------------

 y\x  0 1 2 3 4 5 6 7 8 910
 11: -----------------------
 10: |*| | | | |*| | | | | |
  9: | | | | | |*| | | | | |
  8: | | | | | | | | | | | |
  7: | | | | | | | | | | | |
  6: | | | | | | | | |*| | |
  5: | | | | | | | | | | | |
  4: |*|W|N| | | | | | | | |
  3: | | |E| | | | | | | | |
  2: |*| | | | | | | | | | |
  1: | | |*| | | | | | | | |
  0: | |*| | |*| | | | | | |
 -1: -----------------------

 y\x  0 1 2 3 4 5 6 7 8 910
 11: -----------------------
 10: |*| | | | |*| | | | | |
  9: | | | | | |*| | | | | |
  8: | | | | | | | | | | | |
  7: | | | | | | | | | | | |
  6: | | | | | | | | |*| | |
  5: | | | | | | | | | | | |
  4: |*|W|N| | | | | | | | |
  3: | | |E|N| | | | | | | |
  2: |*| | | | | | | | | | |
  1: | | |*| | | | | | | | |
  0: | |*| | |*| | | | | | |
 -1: -----------------------

 y\x  0 1 2 3 4 5 6 7 8 910
 11: -----------------------
 10: |*| | | | |*| | | | | |
  9: | | | | | |*| | | | | |
  8: | | | | | | | | | | | |
  7: | | | | | | | | | | | |
  6: | | | | | | | | |*| | |
  5: | | | | | | | | | | | |
  4: |*|W|N| | | | | | | | |
  3: | | |E|N| | | | | | | |
  2: |*| | | | | | | | | | |
  1: | | |*| | | | | | | | |
  0: | |*| | |*| | | | | | |
 -1: -----------------------

]]></system-out>
  <system-err><![CDATA[]]></system-err>
</testsuite>
